<?xml version="1.0" encoding="UTF-8"?>
<!-- Generated by org.testng.reporters.JUnitXMLReporter -->
<testsuite ignored="0" hostname="DESKTOP-1EKAV2N" failures="0" tests="6" name="Yatra Testing Test" time="102.218" errors="0" timestamp="2021-06-06T17:44:27 IST">
  <testcase classname="com.yatra.qa.testcases.WelcomePageTest" name="welcomePageTitleTest" time="0.118"/>
  <testcase classname="com.yatra.qa.testcases.WelcomePageTest" name="welcomePageLogoTest" time="0.398"/>
  <testcase classname="com.yatra.qa.testcases.WelcomePageTest" name="navigateToLoginPageTest" time="4.01"/>
  <testcase classname="com.yatra.qa.testcases.LoginPageTest" name="loginPageHeaderTest" time="0.146"/>
  <testcase classname="com.yatra.qa.testcases.LoginPageTest" name="loginTest" time="1.103"/>
  <testcase classname="com.yatra.qa.testcases.LoginPageTest" name="usernameTest" time="6.576"/>
</testsuite> <!-- Yatra Testing Test -->
