<?xml version="1.0" encoding="UTF-8"?>
<!-- Generated by org.testng.reporters.JUnitXMLReporter -->
<testsuite ignored="0" hostname="DESKTOP-1EKAV2N" failures="1" tests="7" name="Yatra App Test Cases" time="379.964" errors="0" timestamp="2021-06-23T17:12:46 IST">
  <testcase classname="com.yatra.qa.testcases.WelcomePageTest" name="welcomePageTitleTest" time="0.085"/>
  <testcase classname="com.yatra.qa.testcases.WelcomePageTest" name="welcomePageLogoTest" time="0.273"/>
  <testcase classname="com.yatra.qa.testcases.WelcomePageTest" name="navigateToLoginPageTest" time="6.918"/>
  <testcase classname="com.yatra.qa.testcases.LoginPageTest" name="loginPageHeaderTest" time="0.069"/>
  <testcase classname="com.yatra.qa.testcases.LoginPageTest" name="loginTest" time="1.429"/>
  <testcase classname="com.yatra.qa.testcases.LoginPageTest" name="usernameTest" time="6.518"/>
  <testcase classname="com.yatra.qa.testcases.HomePageTest" name="searchFlightTest" time="9.259">
    <failure type="org.openqa.selenium.ElementClickInterceptedException" message="element click intercepted: Element &amp;lt;li class=&amp;quot;&amp;quot;&amp;gt;...&amp;lt;/li&amp;gt; is not clickable at point (274, 591). Other element would receive the click: &amp;lt;iframe title=&amp;quot;notification-frame-b8a48c62&amp;quot; name=&amp;quot;notification-frame-b8a48c62&amp;quot; id=&amp;quot;webklipper-publisher-widget-container-notification-frame&amp;quot; frameborder=&amp;quot;0&amp;quot; marginheight=&amp;quot;0&amp;quot; marginwidth=&amp;quot;0&amp;quot; style=&amp;quot;display: block; position: fixed; z-index: 16776272; left: -1000px; top: -1000px; width: 100%; visibility: visible; overflow: visible; height: 28px; transform: translate(1017px, 1585px);&amp;quot; data-notification-layout-id=&amp;quot;~483819h&amp;quot; data-notification-layout-name=&amp;quot;undefined&amp;quot;&amp;gt;&amp;lt;/iframe&amp;gt;
  (Session info: chrome=89.0.4389.72)
Build info: version: &amp;apos;3.141.59&amp;apos;, revision: &amp;apos;e82be7d358&amp;apos;, time: &amp;apos;2018-11-14T08:17:03&amp;apos;
System info: host: &amp;apos;DESKTOP-1EKAV2N&amp;apos;, ip: &amp;apos;192.168.0.104&amp;apos;, os.name: &amp;apos;Windows 10&amp;apos;, os.arch: &amp;apos;amd64&amp;apos;, os.version: &amp;apos;10.0&amp;apos;, java.version: &amp;apos;15.0.2&amp;apos;
Driver info: org.openqa.selenium.chrome.ChromeDriver
Capabilities {acceptInsecureCerts: false, browserName: chrome, browserVersion: 89.0.4389.72, chrome: {chromedriverVersion: 89.0.4389.23 (61b08ee2c5002..., userDataDir: C:\Users\Suraj\AppData\Loca...}, goog:chromeOptions: {debuggerAddress: localhost:50779}, javascriptEnabled: true, networkConnectionEnabled: false, pageLoadStrategy: normal, platform: WINDOWS, platformName: WINDOWS, proxy: Proxy(), setWindowRect: true, strictFileInteractability: false, timeouts: {implicit: 0, pageLoad: 300000, script: 30000}, unhandledPromptBehavior: dismiss and notify, webauthn:extension:largeBlob: true, webauthn:virtualAuthenticators: true}
Session ID: a5c1ae7b28335e1a32c3f831e22eccb2">
      <![CDATA[org.openqa.selenium.ElementClickInterceptedException: element click intercepted: Element <li class="">...</li> is not clickable at point (274, 591). Other element would receive the click: <iframe title="notification-frame-b8a48c62" name="notification-frame-b8a48c62" id="webklipper-publisher-widget-container-notification-frame" frameborder="0" marginheight="0" marginwidth="0" style="display: block; position: fixed; z-index: 16776272; left: -1000px; top: -1000px; width: 100%; visibility: visible; overflow: visible; height: 28px; transform: translate(1017px, 1585px);" data-notification-layout-id="~483819h" data-notification-layout-name="undefined"></iframe>
  (Session info: chrome=89.0.4389.72)
Build info: version: '3.141.59', revision: 'e82be7d358', time: '2018-11-14T08:17:03'
System info: host: 'DESKTOP-1EKAV2N', ip: '192.168.0.104', os.name: 'Windows 10', os.arch: 'amd64', os.version: '10.0', java.version: '15.0.2'
Driver info: org.openqa.selenium.chrome.ChromeDriver
Capabilities {acceptInsecureCerts: false, browserName: chrome, browserVersion: 89.0.4389.72, chrome: {chromedriverVersion: 89.0.4389.23 (61b08ee2c5002..., userDataDir: C:\Users\Suraj\AppData\Loca...}, goog:chromeOptions: {debuggerAddress: localhost:50779}, javascriptEnabled: true, networkConnectionEnabled: false, pageLoadStrategy: normal, platform: WINDOWS, platformName: WINDOWS, proxy: Proxy(), setWindowRect: true, strictFileInteractability: false, timeouts: {implicit: 0, pageLoad: 300000, script: 30000}, unhandledPromptBehavior: dismiss and notify, webauthn:extension:largeBlob: true, webauthn:virtualAuthenticators: true}
Session ID: a5c1ae7b28335e1a32c3f831e22eccb2
at org.openqa.selenium.remote.http.W3CHttpResponseCodec.createException(W3CHttpResponseCodec.java:187)
at org.openqa.selenium.remote.http.W3CHttpResponseCodec.decode(W3CHttpResponseCodec.java:122)
at org.openqa.selenium.remote.http.W3CHttpResponseCodec.decode(W3CHttpResponseCodec.java:49)
at org.openqa.selenium.remote.HttpCommandExecutor.execute(HttpCommandExecutor.java:158)
at org.openqa.selenium.remote.service.DriverCommandExecutor.execute(DriverCommandExecutor.java:83)
at org.openqa.selenium.remote.RemoteWebDriver.execute(RemoteWebDriver.java:552)
at org.openqa.selenium.remote.RemoteWebElement.execute(RemoteWebElement.java:285)
at org.openqa.selenium.remote.RemoteWebElement.click(RemoteWebElement.java:84)
at org.openqa.selenium.support.events.EventFiringWebDriver$EventFiringWebElement.lambda$new$0(EventFiringWebDriver.java:404)
at com.sun.proxy.$Proxy15.click(Unknown Source)
at org.openqa.selenium.support.events.EventFiringWebDriver$EventFiringWebElement.click(EventFiringWebDriver.java:417)
at com.yatra.qa.pages.HomePage.searchFlight(HomePage.java:47)
at com.yatra.qa.testcases.HomePageTest.searchFlightTest(HomePageTest.java:39)
at java.base/java.util.ArrayList.forEach(ArrayList.java:1511)
... Removed 35 stack frames]]>
    </failure>
  </testcase> <!-- searchFlightTest -->
</testsuite> <!-- Yatra App Test Cases -->
