<?xml version="1.0" encoding="UTF-8"?>
<!-- Generated by org.testng.reporters.JUnitXMLReporter -->
<testsuite ignored="0" hostname="DESKTOP-1EKAV2N" failures="0" tests="7" name="Yatra App Test Cases" time="233.555" errors="0" timestamp="2021-07-04T19:01:34 IST">
  <testcase classname="com.yatra.qa.testcases.WelcomePageTest" name="welcomePageTitleTest" time="0.082"/>
  <testcase classname="com.yatra.qa.testcases.WelcomePageTest" name="welcomePageLogoTest" time="0.438"/>
  <testcase classname="com.yatra.qa.testcases.WelcomePageTest" name="navigateToLoginPageTest" time="6.018"/>
  <testcase classname="com.yatra.qa.testcases.LoginPageTest" name="loginPageHeaderTest" time="0.129"/>
  <testcase classname="com.yatra.qa.testcases.LoginPageTest" name="loginTest" time="1.717"/>
  <testcase classname="com.yatra.qa.testcases.LoginPageTest" name="usernameTest" time="5.945"/>
  <testcase classname="com.yatra.qa.testcases.HomePageTest" name="searchFlightTest" time="20.463"/>
</testsuite> <!-- Yatra App Test Cases -->
