<?xml version="1.0" encoding="UTF-8"?>
<testng-results ignored="0" total="7" passed="7" failed="0" skipped="0">
  <reporter-output>
  </reporter-output>
  <suite started-at="2021-07-04T18:57:41 IST" name="Yatra Application Test Automation Test Suite" finished-at="2021-07-04T19:01:34 IST" duration-ms="233555">
    <groups>
    </groups>
    <test started-at="2021-07-04T18:57:41 IST" name="Yatra App Test Cases" finished-at="2021-07-04T19:01:34 IST" duration-ms="233555">
      <class name="com.yatra.qa.testcases.LoginPageTest">
        <test-method is-config="true" signature="setup()[pri:0, instance:com.yatra.qa.testcases.LoginPageTest@478190fc]" started-at="2021-07-04T18:59:33 IST" name="setup" finished-at="2021-07-04T18:59:53 IST" duration-ms="20404" status="PASS">
          <reporter-output>
          </reporter-output>
        </test-method> <!-- setup -->
        <test-method signature="loginPageHeaderTest()[pri:1, instance:com.yatra.qa.testcases.LoginPageTest@478190fc]" started-at="2021-07-04T18:59:53 IST" name="loginPageHeaderTest" finished-at="2021-07-04T18:59:53 IST" duration-ms="129" status="PASS">
          <reporter-output>
          </reporter-output>
        </test-method> <!-- loginPageHeaderTest -->
        <test-method is-config="true" signature="tearDown()[pri:0, instance:com.yatra.qa.testcases.LoginPageTest@478190fc]" started-at="2021-07-04T18:59:53 IST" name="tearDown" finished-at="2021-07-04T18:59:54 IST" duration-ms="1215" status="PASS">
          <reporter-output>
          </reporter-output>
        </test-method> <!-- tearDown -->
        <test-method is-config="true" signature="setup()[pri:0, instance:com.yatra.qa.testcases.LoginPageTest@478190fc]" started-at="2021-07-04T18:59:54 IST" name="setup" finished-at="2021-07-04T19:00:15 IST" duration-ms="20713" status="PASS">
          <reporter-output>
          </reporter-output>
        </test-method> <!-- setup -->
        <test-method signature="loginTest()[pri:2, instance:com.yatra.qa.testcases.LoginPageTest@478190fc]" started-at="2021-07-04T19:00:15 IST" name="loginTest" finished-at="2021-07-04T19:00:17 IST" duration-ms="1717" status="PASS">
          <reporter-output>
          </reporter-output>
        </test-method> <!-- loginTest -->
        <test-method is-config="true" signature="tearDown()[pri:0, instance:com.yatra.qa.testcases.LoginPageTest@478190fc]" started-at="2021-07-04T19:00:17 IST" name="tearDown" finished-at="2021-07-04T19:00:19 IST" duration-ms="1914" status="PASS">
          <reporter-output>
          </reporter-output>
        </test-method> <!-- tearDown -->
        <test-method is-config="true" signature="setup()[pri:0, instance:com.yatra.qa.testcases.LoginPageTest@478190fc]" started-at="2021-07-04T19:00:19 IST" name="setup" finished-at="2021-07-04T19:00:40 IST" duration-ms="21381" status="PASS">
          <reporter-output>
          </reporter-output>
        </test-method> <!-- setup -->
        <test-method signature="usernameTest()[pri:3, instance:com.yatra.qa.testcases.LoginPageTest@478190fc]" started-at="2021-07-04T19:00:40 IST" name="usernameTest" finished-at="2021-07-04T19:00:46 IST" duration-ms="5945" status="PASS">
          <reporter-output>
          </reporter-output>
        </test-method> <!-- usernameTest -->
        <test-method is-config="true" signature="tearDown()[pri:0, instance:com.yatra.qa.testcases.LoginPageTest@478190fc]" started-at="2021-07-04T19:00:46 IST" name="tearDown" finished-at="2021-07-04T19:00:49 IST" duration-ms="2500" status="PASS">
          <reporter-output>
          </reporter-output>
        </test-method> <!-- tearDown -->
      </class> <!-- com.yatra.qa.testcases.LoginPageTest -->
      <class name="com.yatra.qa.testcases.WelcomePageTest">
        <test-method is-config="true" signature="setup()[pri:0, instance:com.yatra.qa.testcases.WelcomePageTest@5fdcaa40]" started-at="2021-07-04T18:57:41 IST" name="setup" finished-at="2021-07-04T18:58:38 IST" duration-ms="57701" status="PASS">
          <reporter-output>
          </reporter-output>
        </test-method> <!-- setup -->
        <test-method signature="welcomePageTitleTest()[pri:1, instance:com.yatra.qa.testcases.WelcomePageTest@5fdcaa40]" started-at="2021-07-04T18:58:38 IST" name="welcomePageTitleTest" finished-at="2021-07-04T18:58:38 IST" duration-ms="82" status="PASS">
          <reporter-output>
          </reporter-output>
        </test-method> <!-- welcomePageTitleTest -->
        <test-method is-config="true" signature="tearDown()[pri:0, instance:com.yatra.qa.testcases.WelcomePageTest@5fdcaa40]" started-at="2021-07-04T18:58:38 IST" name="tearDown" finished-at="2021-07-04T18:58:42 IST" duration-ms="3257" status="PASS">
          <reporter-output>
          </reporter-output>
        </test-method> <!-- tearDown -->
        <test-method is-config="true" signature="setup()[pri:0, instance:com.yatra.qa.testcases.WelcomePageTest@5fdcaa40]" started-at="2021-07-04T18:58:42 IST" name="setup" finished-at="2021-07-04T18:59:04 IST" duration-ms="22655" status="PASS">
          <reporter-output>
          </reporter-output>
        </test-method> <!-- setup -->
        <test-method signature="welcomePageLogoTest()[pri:2, instance:com.yatra.qa.testcases.WelcomePageTest@5fdcaa40]" started-at="2021-07-04T18:59:04 IST" name="welcomePageLogoTest" finished-at="2021-07-04T18:59:05 IST" duration-ms="438" status="PASS">
          <reporter-output>
          </reporter-output>
        </test-method> <!-- welcomePageLogoTest -->
        <test-method is-config="true" signature="tearDown()[pri:0, instance:com.yatra.qa.testcases.WelcomePageTest@5fdcaa40]" started-at="2021-07-04T18:59:05 IST" name="tearDown" finished-at="2021-07-04T18:59:07 IST" duration-ms="1928" status="PASS">
          <reporter-output>
          </reporter-output>
        </test-method> <!-- tearDown -->
        <test-method is-config="true" signature="setup()[pri:0, instance:com.yatra.qa.testcases.WelcomePageTest@5fdcaa40]" started-at="2021-07-04T18:59:07 IST" name="setup" finished-at="2021-07-04T18:59:25 IST" duration-ms="17797" status="PASS">
          <reporter-output>
          </reporter-output>
        </test-method> <!-- setup -->
        <test-method signature="navigateToLoginPageTest()[pri:3, instance:com.yatra.qa.testcases.WelcomePageTest@5fdcaa40]" started-at="2021-07-04T18:59:25 IST" name="navigateToLoginPageTest" finished-at="2021-07-04T18:59:31 IST" duration-ms="6018" status="PASS">
          <reporter-output>
          </reporter-output>
        </test-method> <!-- navigateToLoginPageTest -->
        <test-method is-config="true" signature="tearDown()[pri:0, instance:com.yatra.qa.testcases.WelcomePageTest@5fdcaa40]" started-at="2021-07-04T18:59:31 IST" name="tearDown" finished-at="2021-07-04T18:59:33 IST" duration-ms="2004" status="PASS">
          <reporter-output>
          </reporter-output>
        </test-method> <!-- tearDown -->
      </class> <!-- com.yatra.qa.testcases.WelcomePageTest -->
      <class name="com.yatra.qa.testcases.HomePageTest">
        <test-method is-config="true" signature="setup()[pri:0, instance:com.yatra.qa.testcases.HomePageTest@79e2c065]" started-at="2021-07-04T19:00:49 IST" name="setup" finished-at="2021-07-04T19:01:12 IST" duration-ms="23534" status="PASS">
          <reporter-output>
          </reporter-output>
        </test-method> <!-- setup -->
        <test-method signature="searchFlightTest()[pri:1, instance:com.yatra.qa.testcases.HomePageTest@79e2c065]" started-at="2021-07-04T19:01:12 IST" name="searchFlightTest" finished-at="2021-07-04T19:01:33 IST" duration-ms="20463" status="PASS">
          <reporter-output>
          </reporter-output>
        </test-method> <!-- searchFlightTest -->
        <test-method is-config="true" signature="tearDown()[pri:0, instance:com.yatra.qa.testcases.HomePageTest@79e2c065]" started-at="2021-07-04T19:01:33 IST" name="tearDown" finished-at="2021-07-04T19:01:34 IST" duration-ms="1622" status="PASS">
          <reporter-output>
          </reporter-output>
        </test-method> <!-- tearDown -->
      </class> <!-- com.yatra.qa.testcases.HomePageTest -->
    </test> <!-- Yatra App Test Cases -->
  </suite> <!-- Yatra Application Test Automation Test Suite -->
</testng-results>
