<?xml version="1.0" encoding="UTF-8"?>
<testng-results ignored="0" total="7" passed="6" failed="1" skipped="0">
  <reporter-output>
  </reporter-output>
  <suite started-at="2021-06-23T17:06:26 IST" name="Yatra Application Test Automation Test Suite" finished-at="2021-06-23T17:12:46 IST" duration-ms="379964">
    <groups>
    </groups>
    <test started-at="2021-06-23T17:06:26 IST" name="Yatra App Test Cases" finished-at="2021-06-23T17:12:46 IST" duration-ms="379964">
      <class name="com.yatra.qa.testcases.LoginPageTest">
        <test-method is-config="true" signature="setup()[pri:0, instance:com.yatra.qa.testcases.LoginPageTest@478190fc]" started-at="2021-06-23T17:09:09 IST" name="setup" finished-at="2021-06-23T17:09:57 IST" duration-ms="48481" status="PASS">
          <reporter-output>
          </reporter-output>
        </test-method> <!-- setup -->
        <test-method signature="loginPageHeaderTest()[pri:1, instance:com.yatra.qa.testcases.LoginPageTest@478190fc]" started-at="2021-06-23T17:09:57 IST" name="loginPageHeaderTest" finished-at="2021-06-23T17:09:57 IST" duration-ms="69" status="PASS">
          <reporter-output>
          </reporter-output>
        </test-method> <!-- loginPageHeaderTest -->
        <test-method is-config="true" signature="tearDown()[pri:0, instance:com.yatra.qa.testcases.LoginPageTest@478190fc]" started-at="2021-06-23T17:09:57 IST" name="tearDown" finished-at="2021-06-23T17:09:58 IST" duration-ms="1113" status="PASS">
          <reporter-output>
          </reporter-output>
        </test-method> <!-- tearDown -->
        <test-method is-config="true" signature="setup()[pri:0, instance:com.yatra.qa.testcases.LoginPageTest@478190fc]" started-at="2021-06-23T17:09:58 IST" name="setup" finished-at="2021-06-23T17:10:48 IST" duration-ms="49846" status="PASS">
          <reporter-output>
          </reporter-output>
        </test-method> <!-- setup -->
        <test-method signature="loginTest()[pri:2, instance:com.yatra.qa.testcases.LoginPageTest@478190fc]" started-at="2021-06-23T17:10:48 IST" name="loginTest" finished-at="2021-06-23T17:10:50 IST" duration-ms="1429" status="PASS">
          <reporter-output>
          </reporter-output>
        </test-method> <!-- loginTest -->
        <test-method is-config="true" signature="tearDown()[pri:0, instance:com.yatra.qa.testcases.LoginPageTest@478190fc]" started-at="2021-06-23T17:10:50 IST" name="tearDown" finished-at="2021-06-23T17:10:51 IST" duration-ms="1201" status="PASS">
          <reporter-output>
          </reporter-output>
        </test-method> <!-- tearDown -->
        <test-method is-config="true" signature="setup()[pri:0, instance:com.yatra.qa.testcases.LoginPageTest@478190fc]" started-at="2021-06-23T17:10:51 IST" name="setup" finished-at="2021-06-23T17:11:36 IST" duration-ms="45348" status="PASS">
          <reporter-output>
          </reporter-output>
        </test-method> <!-- setup -->
        <test-method signature="usernameTest()[pri:3, instance:com.yatra.qa.testcases.LoginPageTest@478190fc]" started-at="2021-06-23T17:11:36 IST" name="usernameTest" finished-at="2021-06-23T17:11:43 IST" duration-ms="6518" status="PASS">
          <reporter-output>
          </reporter-output>
        </test-method> <!-- usernameTest -->
        <test-method is-config="true" signature="tearDown()[pri:0, instance:com.yatra.qa.testcases.LoginPageTest@478190fc]" started-at="2021-06-23T17:11:43 IST" name="tearDown" finished-at="2021-06-23T17:11:44 IST" duration-ms="1437" status="PASS">
          <reporter-output>
          </reporter-output>
        </test-method> <!-- tearDown -->
      </class> <!-- com.yatra.qa.testcases.LoginPageTest -->
      <class name="com.yatra.qa.testcases.WelcomePageTest">
        <test-method is-config="true" signature="setup()[pri:0, instance:com.yatra.qa.testcases.WelcomePageTest@5fdcaa40]" started-at="2021-06-23T17:06:26 IST" name="setup" finished-at="2021-06-23T17:07:20 IST" duration-ms="53836" status="PASS">
          <reporter-output>
          </reporter-output>
        </test-method> <!-- setup -->
        <test-method signature="welcomePageTitleTest()[pri:1, instance:com.yatra.qa.testcases.WelcomePageTest@5fdcaa40]" started-at="2021-06-23T17:07:20 IST" name="welcomePageTitleTest" finished-at="2021-06-23T17:07:20 IST" duration-ms="85" status="PASS">
          <reporter-output>
          </reporter-output>
        </test-method> <!-- welcomePageTitleTest -->
        <test-method is-config="true" signature="tearDown()[pri:0, instance:com.yatra.qa.testcases.WelcomePageTest@5fdcaa40]" started-at="2021-06-23T17:07:20 IST" name="tearDown" finished-at="2021-06-23T17:07:23 IST" duration-ms="2767" status="PASS">
          <reporter-output>
          </reporter-output>
        </test-method> <!-- tearDown -->
        <test-method is-config="true" signature="setup()[pri:0, instance:com.yatra.qa.testcases.WelcomePageTest@5fdcaa40]" started-at="2021-06-23T17:07:23 IST" name="setup" finished-at="2021-06-23T17:08:07 IST" duration-ms="44647" status="PASS">
          <reporter-output>
          </reporter-output>
        </test-method> <!-- setup -->
        <test-method signature="welcomePageLogoTest()[pri:2, instance:com.yatra.qa.testcases.WelcomePageTest@5fdcaa40]" started-at="2021-06-23T17:08:07 IST" name="welcomePageLogoTest" finished-at="2021-06-23T17:08:08 IST" duration-ms="273" status="PASS">
          <reporter-output>
          </reporter-output>
        </test-method> <!-- welcomePageLogoTest -->
        <test-method is-config="true" signature="tearDown()[pri:0, instance:com.yatra.qa.testcases.WelcomePageTest@5fdcaa40]" started-at="2021-06-23T17:08:08 IST" name="tearDown" finished-at="2021-06-23T17:08:09 IST" duration-ms="1478" status="PASS">
          <reporter-output>
          </reporter-output>
        </test-method> <!-- tearDown -->
        <test-method is-config="true" signature="setup()[pri:0, instance:com.yatra.qa.testcases.WelcomePageTest@5fdcaa40]" started-at="2021-06-23T17:08:09 IST" name="setup" finished-at="2021-06-23T17:08:58 IST" duration-ms="49029" status="PASS">
          <reporter-output>
          </reporter-output>
        </test-method> <!-- setup -->
        <test-method signature="navigateToLoginPageTest()[pri:3, instance:com.yatra.qa.testcases.WelcomePageTest@5fdcaa40]" started-at="2021-06-23T17:08:58 IST" name="navigateToLoginPageTest" finished-at="2021-06-23T17:09:05 IST" duration-ms="6918" status="PASS">
          <reporter-output>
          </reporter-output>
        </test-method> <!-- navigateToLoginPageTest -->
        <test-method is-config="true" signature="tearDown()[pri:0, instance:com.yatra.qa.testcases.WelcomePageTest@5fdcaa40]" started-at="2021-06-23T17:09:05 IST" name="tearDown" finished-at="2021-06-23T17:09:09 IST" duration-ms="3829" status="PASS">
          <reporter-output>
          </reporter-output>
        </test-method> <!-- tearDown -->
      </class> <!-- com.yatra.qa.testcases.WelcomePageTest -->
      <class name="com.yatra.qa.testcases.HomePageTest">
        <test-method is-config="true" signature="setup()[pri:0, instance:com.yatra.qa.testcases.HomePageTest@79e2c065]" started-at="2021-06-23T17:11:44 IST" name="setup" finished-at="2021-06-23T17:12:35 IST" duration-ms="50839" status="PASS">
          <reporter-output>
          </reporter-output>
        </test-method> <!-- setup -->
        <test-method signature="searchFlightTest()[pri:1, instance:com.yatra.qa.testcases.HomePageTest@79e2c065]" started-at="2021-06-23T17:12:35 IST" name="searchFlightTest" finished-at="2021-06-23T17:12:44 IST" duration-ms="9259" status="FAIL">
          <exception class="org.openqa.selenium.ElementClickInterceptedException">
            <message>
              <![CDATA[element click intercepted: Element <li class="">...</li> is not clickable at point (274, 591). Other element would receive the click: <iframe title="notification-frame-b8a48c62" name="notification-frame-b8a48c62" id="webklipper-publisher-widget-container-notification-frame" frameborder="0" marginheight="0" marginwidth="0" style="display: block; position: fixed; z-index: 16776272; left: -1000px; top: -1000px; width: 100%; visibility: visible; overflow: visible; height: 28px; transform: translate(1017px, 1585px);" data-notification-layout-id="~483819h" data-notification-layout-name="undefined"></iframe>
  (Session info: chrome=89.0.4389.72)
Build info: version: '3.141.59', revision: 'e82be7d358', time: '2018-11-14T08:17:03'
System info: host: 'DESKTOP-1EKAV2N', ip: '192.168.0.104', os.name: 'Windows 10', os.arch: 'amd64', os.version: '10.0', java.version: '15.0.2'
Driver info: org.openqa.selenium.chrome.ChromeDriver
Capabilities {acceptInsecureCerts: false, browserName: chrome, browserVersion: 89.0.4389.72, chrome: {chromedriverVersion: 89.0.4389.23 (61b08ee2c5002..., userDataDir: C:\Users\Suraj\AppData\Loca...}, goog:chromeOptions: {debuggerAddress: localhost:50779}, javascriptEnabled: true, networkConnectionEnabled: false, pageLoadStrategy: normal, platform: WINDOWS, platformName: WINDOWS, proxy: Proxy(), setWindowRect: true, strictFileInteractability: false, timeouts: {implicit: 0, pageLoad: 300000, script: 30000}, unhandledPromptBehavior: dismiss and notify, webauthn:extension:largeBlob: true, webauthn:virtualAuthenticators: true}
Session ID: a5c1ae7b28335e1a32c3f831e22eccb2]]>
            </message>
            <full-stacktrace>
              <![CDATA[org.openqa.selenium.ElementClickInterceptedException: element click intercepted: Element <li class="">...</li> is not clickable at point (274, 591). Other element would receive the click: <iframe title="notification-frame-b8a48c62" name="notification-frame-b8a48c62" id="webklipper-publisher-widget-container-notification-frame" frameborder="0" marginheight="0" marginwidth="0" style="display: block; position: fixed; z-index: 16776272; left: -1000px; top: -1000px; width: 100%; visibility: visible; overflow: visible; height: 28px; transform: translate(1017px, 1585px);" data-notification-layout-id="~483819h" data-notification-layout-name="undefined"></iframe>
  (Session info: chrome=89.0.4389.72)
Build info: version: '3.141.59', revision: 'e82be7d358', time: '2018-11-14T08:17:03'
System info: host: 'DESKTOP-1EKAV2N', ip: '192.168.0.104', os.name: 'Windows 10', os.arch: 'amd64', os.version: '10.0', java.version: '15.0.2'
Driver info: org.openqa.selenium.chrome.ChromeDriver
Capabilities {acceptInsecureCerts: false, browserName: chrome, browserVersion: 89.0.4389.72, chrome: {chromedriverVersion: 89.0.4389.23 (61b08ee2c5002..., userDataDir: C:\Users\Suraj\AppData\Loca...}, goog:chromeOptions: {debuggerAddress: localhost:50779}, javascriptEnabled: true, networkConnectionEnabled: false, pageLoadStrategy: normal, platform: WINDOWS, platformName: WINDOWS, proxy: Proxy(), setWindowRect: true, strictFileInteractability: false, timeouts: {implicit: 0, pageLoad: 300000, script: 30000}, unhandledPromptBehavior: dismiss and notify, webauthn:extension:largeBlob: true, webauthn:virtualAuthenticators: true}
Session ID: a5c1ae7b28335e1a32c3f831e22eccb2
at java.base/jdk.internal.reflect.NativeConstructorAccessorImpl.newInstance0(Native Method)
at java.base/jdk.internal.reflect.NativeConstructorAccessorImpl.newInstance(NativeConstructorAccessorImpl.java:64)
at java.base/jdk.internal.reflect.DelegatingConstructorAccessorImpl.newInstance(DelegatingConstructorAccessorImpl.java:45)
at java.base/java.lang.reflect.Constructor.newInstanceWithCaller(Constructor.java:500)
at java.base/java.lang.reflect.Constructor.newInstance(Constructor.java:481)
at org.openqa.selenium.remote.http.W3CHttpResponseCodec.createException(W3CHttpResponseCodec.java:187)
at org.openqa.selenium.remote.http.W3CHttpResponseCodec.decode(W3CHttpResponseCodec.java:122)
at org.openqa.selenium.remote.http.W3CHttpResponseCodec.decode(W3CHttpResponseCodec.java:49)
at org.openqa.selenium.remote.HttpCommandExecutor.execute(HttpCommandExecutor.java:158)
at org.openqa.selenium.remote.service.DriverCommandExecutor.execute(DriverCommandExecutor.java:83)
at org.openqa.selenium.remote.RemoteWebDriver.execute(RemoteWebDriver.java:552)
at org.openqa.selenium.remote.RemoteWebElement.execute(RemoteWebElement.java:285)
at org.openqa.selenium.remote.RemoteWebElement.click(RemoteWebElement.java:84)
at jdk.internal.reflect.GeneratedMethodAccessor2.invoke(Unknown Source)
at java.base/jdk.internal.reflect.DelegatingMethodAccessorImpl.invoke(DelegatingMethodAccessorImpl.java:43)
at java.base/java.lang.reflect.Method.invoke(Method.java:564)
at org.openqa.selenium.support.events.EventFiringWebDriver$EventFiringWebElement.lambda$new$0(EventFiringWebDriver.java:404)
at com.sun.proxy.$Proxy15.click(Unknown Source)
at org.openqa.selenium.support.events.EventFiringWebDriver$EventFiringWebElement.click(EventFiringWebDriver.java:417)
at com.yatra.qa.pages.HomePage.searchFlight(HomePage.java:47)
at com.yatra.qa.testcases.HomePageTest.searchFlightTest(HomePageTest.java:39)
at java.base/jdk.internal.reflect.NativeMethodAccessorImpl.invoke0(Native Method)
at java.base/jdk.internal.reflect.NativeMethodAccessorImpl.invoke(NativeMethodAccessorImpl.java:64)
at java.base/jdk.internal.reflect.DelegatingMethodAccessorImpl.invoke(DelegatingMethodAccessorImpl.java:43)
at java.base/java.lang.reflect.Method.invoke(Method.java:564)
at org.testng.internal.MethodInvocationHelper.invokeMethod(MethodInvocationHelper.java:133)
at org.testng.internal.TestInvoker.invokeMethod(TestInvoker.java:598)
at org.testng.internal.TestInvoker.invokeTestMethod(TestInvoker.java:173)
at org.testng.internal.MethodRunner.runInSequence(MethodRunner.java:46)
at org.testng.internal.TestInvoker$MethodInvocationAgent.invoke(TestInvoker.java:824)
at org.testng.internal.TestInvoker.invokeTestMethods(TestInvoker.java:146)
at org.testng.internal.TestMethodWorker.invokeTestMethods(TestMethodWorker.java:146)
at org.testng.internal.TestMethodWorker.run(TestMethodWorker.java:128)
at java.base/java.util.ArrayList.forEach(ArrayList.java:1511)
at org.testng.TestRunner.privateRun(TestRunner.java:794)
at org.testng.TestRunner.run(TestRunner.java:596)
at org.testng.SuiteRunner.runTest(SuiteRunner.java:377)
at org.testng.SuiteRunner.runSequentially(SuiteRunner.java:371)
at org.testng.SuiteRunner.privateRun(SuiteRunner.java:332)
at org.testng.SuiteRunner.run(SuiteRunner.java:276)
at org.testng.SuiteRunnerWorker.runSuite(SuiteRunnerWorker.java:53)
at org.testng.SuiteRunnerWorker.run(SuiteRunnerWorker.java:96)
at org.testng.TestNG.runSuitesSequentially(TestNG.java:1212)
at org.testng.TestNG.runSuitesLocally(TestNG.java:1134)
at org.testng.TestNG.runSuites(TestNG.java:1063)
at org.testng.TestNG.run(TestNG.java:1031)
at org.testng.remote.AbstractRemoteTestNG.run(AbstractRemoteTestNG.java:115)
at org.testng.remote.RemoteTestNG.initAndRun(RemoteTestNG.java:251)
at org.testng.remote.RemoteTestNG.main(RemoteTestNG.java:77)
]]>
            </full-stacktrace>
          </exception> <!-- org.openqa.selenium.ElementClickInterceptedException -->
          <reporter-output>
          </reporter-output>
        </test-method> <!-- searchFlightTest -->
        <test-method is-config="true" signature="tearDown()[pri:0, instance:com.yatra.qa.testcases.HomePageTest@79e2c065]" started-at="2021-06-23T17:12:44 IST" name="tearDown" finished-at="2021-06-23T17:12:46 IST" duration-ms="1359" status="PASS">
          <reporter-output>
          </reporter-output>
        </test-method> <!-- tearDown -->
      </class> <!-- com.yatra.qa.testcases.HomePageTest -->
    </test> <!-- Yatra App Test Cases -->
  </suite> <!-- Yatra Application Test Automation Test Suite -->
</testng-results>
